<?xml version="1.0" encoding="UTF-8"?>
<testng-results ignored="0" total="1" passed="1" failed="0" skipped="0">
  <reporter-output>
  </reporter-output>
  <suite started-at="2022-04-07T23:59:47 IST" name="Default suite" finished-at="2022-04-07T23:59:54 IST" duration-ms="6867">
    <groups>
    </groups>
    <test started-at="2022-04-07T23:59:47 IST" name="Default test" finished-at="2022-04-07T23:59:54 IST" duration-ms="6867">
      <class name="TestCases.LoginPageTest">
        <test-method is-config="true" signature="setup()[pri:0, instance:TestCases.LoginPageTest@7bd4937b]" started-at="2022-04-07T23:59:48 IST" name="setup" finished-at="2022-04-07T23:59:54 IST" duration-ms="6037" status="PASS">
          <reporter-output>
          </reporter-output>
        </test-method> <!-- setup -->
        <test-method signature="validateLoginPageTitle()[pri:0, instance:TestCases.LoginPageTest@7bd4937b]" started-at="2022-04-07T23:59:54 IST" name="validateLoginPageTitle" finished-at="2022-04-07T23:59:54 IST" duration-ms="20" status="PASS">
          <reporter-output>
          </reporter-output>
        </test-method> <!-- validateLoginPageTitle -->
        <test-method is-config="true" signature="exit()[pri:0, instance:TestCases.LoginPageTest@7bd4937b]" started-at="2022-04-07T23:59:54 IST" name="exit" finished-at="2022-04-07T23:59:54 IST" duration-ms="770" status="PASS">
          <reporter-output>
          </reporter-output>
        </test-method> <!-- exit -->
      </class> <!-- TestCases.LoginPageTest -->
    </test> <!-- Default test -->
  </suite> <!-- Default suite -->
</testng-results>
